<?xml version="1.0" encoding="UTF-8"?>
<testsuite name="com.kodilla.testing.collection.CollectionTestSuite" tests="2" skipped="0" failures="0" errors="0" timestamp="2018-11-18T16:01:37" hostname="DESKTOP-AM29IKA" time="0.012">
  <properties/>
  <testcase name="testOddNumbersExterminatorEmptyList" classname="com.kodilla.testing.collection.CollectionTestSuite" time="0.009"/>
  <testcase name="testOddNumbersExterminatorNormalList" classname="com.kodilla.testing.collection.CollectionTestSuite" time="0.001"/>
  <system-out><![CDATA[Test Case: begin
Table is empty
Test Case: end
Test Case: begin
OK - Odd numbers were exterminated
Test Case: end
]]></system-out>
  <system-err><![CDATA[]]></system-err>
</testsuite>
